  Determining projects to restore...
  All projects are up-to-date for restore.
  GCode.Core -> D:\GravisNC\src\01.Core\GCode.Core\bin\Debug\net8.0\GCode.Core.dll
  GCode.Modules.FileIO -> D:\GravisNC\src\02.Modules\GCode.Modules.FileIO\bin\Debug\net8.0-windows\GCode.Modules.FileIO.dll
  GCode.Modules.Settings -> D:\GravisNC\src\02.Modules\GCode.Modules.Settings\bin\Debug\net8.0\GCode.Modules.Settings.dll
D:\GravisNC\src\03.App\GCode.App.WPF\Services\GCodeParserService.cs(11,23): warning CS8618: Non-nullable property 'Header' must contain a non-null value when exiting constructor. Consider adding the 'required' modifier or declaring the property as nullable. [D:\GravisNC\src\03.App\GCode.App.WPF\GCode.App.WPF_q1yakqnj_wpftmp.csproj]
D:\GravisNC\src\03.App\GCode.App.WPF\Services\GCodeParserService.cs(12,23): warning CS8618: Non-nullable property 'Content' must contain a non-null value when exiting constructor. Consider adding the 'required' modifier or declaring the property as nullable. [D:\GravisNC\src\03.App\GCode.App.WPF\GCode.App.WPF_q1yakqnj_wpftmp.csproj]
D:\GravisNC\src\03.App\GCode.App.WPF\Services\GCodeParserService.cs(15,23): warning CS8618: Non-nullable property 'ToolNumber' must contain a non-null value when exiting constructor. Consider adding the 'required' modifier or declaring the property as nullable. [D:\GravisNC\src\03.App\GCode.App.WPF\GCode.App.WPF_q1yakqnj_wpftmp.csproj]
D:\GravisNC\src\03.App\GCode.App.WPF\MainWindow.xaml.cs(1229,29): error CS0103: The name 'StructurePanel' does not exist in the current context [D:\GravisNC\src\03.App\GCode.App.WPF\GCode.App.WPF_q1yakqnj_wpftmp.csproj]
D:\GravisNC\src\03.App\GCode.App.WPF\MainWindow.xaml.cs(1230,17): error CS0103: The name 'StructurePanel' does not exist in the current context [D:\GravisNC\src\03.App\GCode.App.WPF\GCode.App.WPF_q1yakqnj_wpftmp.csproj]
D:\GravisNC\src\03.App\GCode.App.WPF\MainWindow.xaml.cs(1240,26): error CS0103: The name 'GetCurrentEditor' does not exist in the current context [D:\GravisNC\src\03.App\GCode.App.WPF\GCode.App.WPF_q1yakqnj_wpftmp.csproj]
D:\GravisNC\src\03.App\GCode.App.WPF\MainWindow.xaml.cs(1243,17): error CS0103: The name 'StructureList' does not exist in the current context [D:\GravisNC\src\03.App\GCode.App.WPF\GCode.App.WPF_q1yakqnj_wpftmp.csproj]
D:\GravisNC\src\03.App\GCode.App.WPF\MainWindow.xaml.cs(1248,26): error CS0103: The name '_parser' does not exist in the current context [D:\GravisNC\src\03.App\GCode.App.WPF\GCode.App.WPF_q1yakqnj_wpftmp.csproj]
D:\GravisNC\src\03.App\GCode.App.WPF\MainWindow.xaml.cs(1249,13): error CS0103: The name 'StructureList' does not exist in the current context [D:\GravisNC\src\03.App\GCode.App.WPF\GCode.App.WPF_q1yakqnj_wpftmp.csproj]
D:\GravisNC\src\03.App\GCode.App.WPF\MainWindow.xaml.cs(1254,26): error CS0103: The name 'GetCurrentEditor' does not exist in the current context [D:\GravisNC\src\03.App\GCode.App.WPF\GCode.App.WPF_q1yakqnj_wpftmp.csproj]
D:\GravisNC\src\03.App\GCode.App.WPF\MainWindow.xaml.cs(1257,26): error CS0103: The name 'StructureList' does not exist in the current context [D:\GravisNC\src\03.App\GCode.App.WPF\GCode.App.WPF_q1yakqnj_wpftmp.csproj]
D:\GravisNC\src\03.App\GCode.App.WPF\MainWindow.xaml.cs(1267,34): error CS0103: The name '_parser' does not exist in the current context [D:\GravisNC\src\03.App\GCode.App.WPF\GCode.App.WPF_q1yakqnj_wpftmp.csproj]
D:\GravisNC\src\03.App\GCode.App.WPF\MainWindow.xaml.cs(1275,17): error CS0103: The name 'StructureList' does not exist in the current context [D:\GravisNC\src\03.App\GCode.App.WPF\GCode.App.WPF_q1yakqnj_wpftmp.csproj]
D:\GravisNC\src\03.App\GCode.App.WPF\MainWindow.xaml.cs(1277,30): error CS0103: The name 'GetCurrentEditor' does not exist in the current context [D:\GravisNC\src\03.App\GCode.App.WPF\GCode.App.WPF_q1yakqnj_wpftmp.csproj]
D:\GravisNC\src\03.App\GCode.App.WPF\MainWindow.xaml.cs(1307,13): error CS0103: The name 'ExplorerPanel' does not exist in the current context [D:\GravisNC\src\03.App\GCode.App.WPF\GCode.App.WPF_q1yakqnj_wpftmp.csproj]
D:\GravisNC\src\03.App\GCode.App.WPF\MainWindow.xaml.cs(1308,13): error CS0103: The name 'OptimizerPanel' does not exist in the current context [D:\GravisNC\src\03.App\GCode.App.WPF\GCode.App.WPF_q1yakqnj_wpftmp.csproj]
D:\GravisNC\src\03.App\GCode.App.WPF\MainWindow.xaml.cs(1309,13): error CS0103: The name 'StructurePanel' does not exist in the current context [D:\GravisNC\src\03.App\GCode.App.WPF\GCode.App.WPF_q1yakqnj_wpftmp.csproj]
D:\GravisNC\src\03.App\GCode.App.WPF\MainWindow.xaml.cs(1314,32): error CS0103: The name 'EditorTabs' does not exist in the current context [D:\GravisNC\src\03.App\GCode.App.WPF\GCode.App.WPF_q1yakqnj_wpftmp.csproj]
D:\GravisNC\src\03.App\GCode.App.WPF\MainWindow.xaml(146,83): error CS1061: 'MainWindow' does not contain a definition for 'StructureBtn_Click' and no accessible extension method 'StructureBtn_Click' accepting a first argument of type 'MainWindow' could be found (are you missing a using directive or an assembly reference?) [D:\GravisNC\src\03.App\GCode.App.WPF\GCode.App.WPF_q1yakqnj_wpftmp.csproj]
D:\GravisNC\src\03.App\GCode.App.WPF\MainWindow.xaml(342,108): error CS1061: 'MainWindow' does not contain a definition for 'RefreshStructure_Click' and no accessible extension method 'RefreshStructure_Click' accepting a first argument of type 'MainWindow' could be found (are you missing a using directive or an assembly reference?) [D:\GravisNC\src\03.App\GCode.App.WPF\GCode.App.WPF_q1yakqnj_wpftmp.csproj]
D:\GravisNC\src\03.App\GCode.App.WPF\MainWindow.xaml(348,108): error CS1061: 'MainWindow' does not contain a definition for 'SortByTool_Click' and no accessible extension method 'SortByTool_Click' accepting a first argument of type 'MainWindow' could be found (are you missing a using directive or an assembly reference?) [D:\GravisNC\src\03.App\GCode.App.WPF\GCode.App.WPF_q1yakqnj_wpftmp.csproj]
D:\GravisNC\src\03.App\GCode.App.WPF\MainWindow.xaml(359,114): error CS1061: 'MainWindow' does not contain a definition for 'StructureList_SelectionChanged' and no accessible extension method 'StructureList_SelectionChanged' accepting a first argument of type 'MainWindow' could be found (are you missing a using directive or an assembly reference?) [D:\GravisNC\src\03.App\GCode.App.WPF\GCode.App.WPF_q1yakqnj_wpftmp.csproj]

Build FAILED.

D:\GravisNC\src\03.App\GCode.App.WPF\Services\GCodeParserService.cs(11,23): warning CS8618: Non-nullable property 'Header' must contain a non-null value when exiting constructor. Consider adding the 'required' modifier or declaring the property as nullable. [D:\GravisNC\src\03.App\GCode.App.WPF\GCode.App.WPF_q1yakqnj_wpftmp.csproj]
D:\GravisNC\src\03.App\GCode.App.WPF\Services\GCodeParserService.cs(12,23): warning CS8618: Non-nullable property 'Content' must contain a non-null value when exiting constructor. Consider adding the 'required' modifier or declaring the property as nullable. [D:\GravisNC\src\03.App\GCode.App.WPF\GCode.App.WPF_q1yakqnj_wpftmp.csproj]
D:\GravisNC\src\03.App\GCode.App.WPF\Services\GCodeParserService.cs(15,23): warning CS8618: Non-nullable property 'ToolNumber' must contain a non-null value when exiting constructor. Consider adding the 'required' modifier or declaring the property as nullable. [D:\GravisNC\src\03.App\GCode.App.WPF\GCode.App.WPF_q1yakqnj_wpftmp.csproj]
D:\GravisNC\src\03.App\GCode.App.WPF\MainWindow.xaml.cs(1229,29): error CS0103: The name 'StructurePanel' does not exist in the current context [D:\GravisNC\src\03.App\GCode.App.WPF\GCode.App.WPF_q1yakqnj_wpftmp.csproj]
D:\GravisNC\src\03.App\GCode.App.WPF\MainWindow.xaml.cs(1230,17): error CS0103: The name 'StructurePanel' does not exist in the current context [D:\GravisNC\src\03.App\GCode.App.WPF\GCode.App.WPF_q1yakqnj_wpftmp.csproj]
D:\GravisNC\src\03.App\GCode.App.WPF\MainWindow.xaml.cs(1240,26): error CS0103: The name 'GetCurrentEditor' does not exist in the current context [D:\GravisNC\src\03.App\GCode.App.WPF\GCode.App.WPF_q1yakqnj_wpftmp.csproj]
D:\GravisNC\src\03.App\GCode.App.WPF\MainWindow.xaml.cs(1243,17): error CS0103: The name 'StructureList' does not exist in the current context [D:\GravisNC\src\03.App\GCode.App.WPF\GCode.App.WPF_q1yakqnj_wpftmp.csproj]
D:\GravisNC\src\03.App\GCode.App.WPF\MainWindow.xaml.cs(1248,26): error CS0103: The name '_parser' does not exist in the current context [D:\GravisNC\src\03.App\GCode.App.WPF\GCode.App.WPF_q1yakqnj_wpftmp.csproj]
D:\GravisNC\src\03.App\GCode.App.WPF\MainWindow.xaml.cs(1249,13): error CS0103: The name 'StructureList' does not exist in the current context [D:\GravisNC\src\03.App\GCode.App.WPF\GCode.App.WPF_q1yakqnj_wpftmp.csproj]
D:\GravisNC\src\03.App\GCode.App.WPF\MainWindow.xaml.cs(1254,26): error CS0103: The name 'GetCurrentEditor' does not exist in the current context [D:\GravisNC\src\03.App\GCode.App.WPF\GCode.App.WPF_q1yakqnj_wpftmp.csproj]
D:\GravisNC\src\03.App\GCode.App.WPF\MainWindow.xaml.cs(1257,26): error CS0103: The name 'StructureList' does not exist in the current context [D:\GravisNC\src\03.App\GCode.App.WPF\GCode.App.WPF_q1yakqnj_wpftmp.csproj]
D:\GravisNC\src\03.App\GCode.App.WPF\MainWindow.xaml.cs(1267,34): error CS0103: The name '_parser' does not exist in the current context [D:\GravisNC\src\03.App\GCode.App.WPF\GCode.App.WPF_q1yakqnj_wpftmp.csproj]
D:\GravisNC\src\03.App\GCode.App.WPF\MainWindow.xaml.cs(1275,17): error CS0103: The name 'StructureList' does not exist in the current context [D:\GravisNC\src\03.App\GCode.App.WPF\GCode.App.WPF_q1yakqnj_wpftmp.csproj]
D:\GravisNC\src\03.App\GCode.App.WPF\MainWindow.xaml.cs(1277,30): error CS0103: The name 'GetCurrentEditor' does not exist in the current context [D:\GravisNC\src\03.App\GCode.App.WPF\GCode.App.WPF_q1yakqnj_wpftmp.csproj]
D:\GravisNC\src\03.App\GCode.App.WPF\MainWindow.xaml.cs(1307,13): error CS0103: The name 'ExplorerPanel' does not exist in the current context [D:\GravisNC\src\03.App\GCode.App.WPF\GCode.App.WPF_q1yakqnj_wpftmp.csproj]
D:\GravisNC\src\03.App\GCode.App.WPF\MainWindow.xaml.cs(1308,13): error CS0103: The name 'OptimizerPanel' does not exist in the current context [D:\GravisNC\src\03.App\GCode.App.WPF\GCode.App.WPF_q1yakqnj_wpftmp.csproj]
D:\GravisNC\src\03.App\GCode.App.WPF\MainWindow.xaml.cs(1309,13): error CS0103: The name 'StructurePanel' does not exist in the current context [D:\GravisNC\src\03.App\GCode.App.WPF\GCode.App.WPF_q1yakqnj_wpftmp.csproj]
D:\GravisNC\src\03.App\GCode.App.WPF\MainWindow.xaml.cs(1314,32): error CS0103: The name 'EditorTabs' does not exist in the current context [D:\GravisNC\src\03.App\GCode.App.WPF\GCode.App.WPF_q1yakqnj_wpftmp.csproj]
D:\GravisNC\src\03.App\GCode.App.WPF\MainWindow.xaml(146,83): error CS1061: 'MainWindow' does not contain a definition for 'StructureBtn_Click' and no accessible extension method 'StructureBtn_Click' accepting a first argument of type 'MainWindow' could be found (are you missing a using directive or an assembly reference?) [D:\GravisNC\src\03.App\GCode.App.WPF\GCode.App.WPF_q1yakqnj_wpftmp.csproj]
D:\GravisNC\src\03.App\GCode.App.WPF\MainWindow.xaml(342,108): error CS1061: 'MainWindow' does not contain a definition for 'RefreshStructure_Click' and no accessible extension method 'RefreshStructure_Click' accepting a first argument of type 'MainWindow' could be found (are you missing a using directive or an assembly reference?) [D:\GravisNC\src\03.App\GCode.App.WPF\GCode.App.WPF_q1yakqnj_wpftmp.csproj]
D:\GravisNC\src\03.App\GCode.App.WPF\MainWindow.xaml(348,108): error CS1061: 'MainWindow' does not contain a definition for 'SortByTool_Click' and no accessible extension method 'SortByTool_Click' accepting a first argument of type 'MainWindow' could be found (are you missing a using directive or an assembly reference?) [D:\GravisNC\src\03.App\GCode.App.WPF\GCode.App.WPF_q1yakqnj_wpftmp.csproj]
D:\GravisNC\src\03.App\GCode.App.WPF\MainWindow.xaml(359,114): error CS1061: 'MainWindow' does not contain a definition for 'StructureList_SelectionChanged' and no accessible extension method 'StructureList_SelectionChanged' accepting a first argument of type 'MainWindow' could be found (are you missing a using directive or an assembly reference?) [D:\GravisNC\src\03.App\GCode.App.WPF\GCode.App.WPF_q1yakqnj_wpftmp.csproj]
    3 Warning(s)
    19 Error(s)

Time Elapsed 00:00:02.83
